C:\USERS\JOHNK\DESKTOP\CS340 SUMMER 2015\RECURSIVE GCF ASSEMBLY PROJECT\DEBUG\RECURSIVE GCF ASSEMBLY PROJECT.ILK
C:\USERS\JOHNK\DESKTOP\CS340 SUMMER 2015\RECURSIVE GCF ASSEMBLY PROJECT\DEBUG\RECURSIVE GCF ASSEMBLY PROJECT.EXE
C:\USERS\JOHNK\DESKTOP\CS340 SUMMER 2015\RECURSIVE GCF ASSEMBLY PROJECT\DEBUG\RECURSIVE GCF ASSEMBLY PROJECT.PDB
C:\Users\johnk\Desktop\CS340 Summer 2015\Recursive GCF Assembly Project\Assembly Project\Debug\main.obj
C:\Users\johnk\Desktop\CS340 Summer 2015\Recursive GCF Assembly Project\Assembly Project\Debug\link-cvtres.read.1.tlog
C:\Users\johnk\Desktop\CS340 Summer 2015\Recursive GCF Assembly Project\Assembly Project\Debug\link-cvtres.write.1.tlog
C:\Users\johnk\Desktop\CS340 Summer 2015\Recursive GCF Assembly Project\Assembly Project\Debug\link-rc.read.1.tlog
C:\Users\johnk\Desktop\CS340 Summer 2015\Recursive GCF Assembly Project\Assembly Project\Debug\link-rc.write.1.tlog
C:\Users\johnk\Desktop\CS340 Summer 2015\Recursive GCF Assembly Project\Assembly Project\Debug\link.1004-cvtres.read.1.tlog
C:\Users\johnk\Desktop\CS340 Summer 2015\Recursive GCF Assembly Project\Assembly Project\Debug\link.1004-cvtres.write.1.tlog
C:\Users\johnk\Desktop\CS340 Summer 2015\Recursive GCF Assembly Project\Assembly Project\Debug\link.1004-rc.read.1.tlog
C:\Users\johnk\Desktop\CS340 Summer 2015\Recursive GCF Assembly Project\Assembly Project\Debug\link.1004-rc.write.1.tlog
C:\Users\johnk\Desktop\CS340 Summer 2015\Recursive GCF Assembly Project\Assembly Project\Debug\link.1004.read.1.tlog
C:\Users\johnk\Desktop\CS340 Summer 2015\Recursive GCF Assembly Project\Assembly Project\Debug\link.1004.write.1.tlog
C:\Users\johnk\Desktop\CS340 Summer 2015\Recursive GCF Assembly Project\Assembly Project\Debug\link.5392-cvtres.read.1.tlog
C:\Users\johnk\Desktop\CS340 Summer 2015\Recursive GCF Assembly Project\Assembly Project\Debug\link.5392-cvtres.write.1.tlog
C:\Users\johnk\Desktop\CS340 Summer 2015\Recursive GCF Assembly Project\Assembly Project\Debug\link.5392-rc.read.1.tlog
C:\Users\johnk\Desktop\CS340 Summer 2015\Recursive GCF Assembly Project\Assembly Project\Debug\link.5392-rc.write.1.tlog
C:\Users\johnk\Desktop\CS340 Summer 2015\Recursive GCF Assembly Project\Assembly Project\Debug\link.5392.read.1.tlog
C:\Users\johnk\Desktop\CS340 Summer 2015\Recursive GCF Assembly Project\Assembly Project\Debug\link.5392.write.1.tlog
C:\Users\johnk\Desktop\CS340 Summer 2015\Recursive GCF Assembly Project\Assembly Project\Debug\link.command.1.tlog
C:\Users\johnk\Desktop\CS340 Summer 2015\Recursive GCF Assembly Project\Assembly Project\Debug\link.read.1.tlog
C:\Users\johnk\Desktop\CS340 Summer 2015\Recursive GCF Assembly Project\Assembly Project\Debug\link.write.1.tlog
C:\Users\johnk\Desktop\CS340 Summer 2015\Recursive GCF Assembly Project\Assembly Project\Debug\Recursive GCF Assembly Project.write.1.tlog
C:\Users\johnk\Desktop\CS340 Summer 2015\Recursive GCF Assembly Project\Debug\Recursive GCF Assembly Project.pdb
C:\Users\johnk\Desktop\CS340 Summer 2015\Recursive GCF Assembly Project\Debug\Recursive GCF Assembly Project.exe
C:\Users\johnk\Desktop\CS340 Summer 2015\Recursive GCF Assembly Project\Debug\Recursive GCF Assembly Project.ilk
